<?xml version="1.0" encoding="UTF-8"?>
<!-- Generated by org.testng.reporters.JUnitXMLReporter -->
<testsuite ignored="0" hostname="ALIPL0932.local" failures="0" tests="4" name="Module A" time="41.08" errors="0" timestamp="2024-10-24T08:05:07 IST">
  <testcase classname="tests.AddItemsToCartTest" name="loginTest" time="18.046"/>
  <testcase classname="tests.LoginLogoutTest" name="loginTest" time="22.359"/>
  <testcase classname="tests.CompleteFlowTest" name="loginTest" time="30.573"/>
  <testcase classname="tests.EndToEndTest" name="loginTest" time="27.244"/>
</testsuite> <!-- Module A -->
